<?xml version="1.0" encoding="UTF-8"?>
<testsuite xmlns:xsi="http://www.w3.org/2001/XMLSchema-instance" xsi:noNamespaceSchemaLocation="https://maven.apache.org/surefire/maven-surefire-plugin/xsd/surefire-test-report.xsd" name="com.init.RunTest" time="0.043" tests="2" errors="1" skipped="0" failures="0">
  <properties>
[...]
</properties>
  <testcase name="should_test" classname="com.init.RunTest" time="0"/>
  <testcase name="firstDemo" classname="com.init.RunTest" time="0.043">
    <error message="Connection refused (Connection refused)" type="java.net.ConnectException">java.net.ConnectException: Connection refused (Connection refused)
	at com.init.RunTest.firstDemo(RunTest.java:14)
</error>
  </testcase>
</testsuite>